
/home/runner/work/exp-projections-and-cameras-iiith/exp-projections-and-cameras-iiith/experiment/simulation/js/camera.js
   6:5   warning  'scene' is not defined                            no-undef
   6:18  warning  'camera' is not defined                           no-undef
   8:9   warning  'camera' is not defined                           no-undef
  11:9   warning  'camera' is not defined                           no-undef
  12:9   warning  'camera' is not defined                           no-undef
  15:5   warning  'camera' is not defined                           no-undef
  16:5   warning  'camera' is not defined                           no-undef
  18:5   warning  'scene' is not defined                            no-undef
  18:15  warning  'camera' is not defined                           no-undef
  19:5   warning  'controls' is not defined                         no-undef
  19:34  warning  'camera' is not defined                           no-undef
  19:42  warning  'renderer' is not defined                         no-undef
  20:5   warning  'controls' is not defined                         no-undef
  24:5   warning  'controls' is not defined                         no-undef
  25:5   warning  'controls' is not defined                         no-undef
  26:5   warning  'controls' is not defined                         no-undef
  27:5   warning  'orbit' is not defined                            no-undef
  28:5   warning  'orbit' is not defined                            no-undef
  30:5   warning  'controls' is not defined                         no-undef
  32:12  warning  'camera' is not defined                           no-undef
  37:5   warning  'scene' is not defined                            no-undef
  37:18  warning  'camera' is not defined                           no-undef
  39:5   warning  'camera' is not defined                           no-undef
  46:5   warning  'camera' is not defined                           no-undef
  47:5   warning  'camera' is not defined                           no-undef
  48:5   warning  'camera' is not defined                           no-undef
  50:5   warning  Read-only global 'origin' should not be modified  no-global-assign
  51:5   warning  'camera' is not defined                           no-undef
  53:5   warning  'scene' is not defined                            no-undef
  53:15  warning  'camera' is not defined                           no-undef
  54:5   warning  'orbit' is not defined                            no-undef
  54:31  warning  'camera' is not defined                           no-undef
  54:39  warning  'renderer' is not defined                         no-undef
  55:5   warning  'orbit' is not defined                            no-undef
  59:5   warning  'orbit' is not defined                            no-undef
  60:5   warning  'orbit' is not defined                            no-undef
  61:5   warning  'orbit' is not defined                            no-undef
  63:5   warning  'renderer' is not defined                         no-undef
  63:21  warning  'scene' is not defined                            no-undef
  63:28  warning  'camera' is not defined                           no-undef
  65:12  warning  'camera' is not defined                           no-undef

/home/runner/work/exp-projections-and-cameras-iiith/exp-projections-and-cameras-iiith/experiment/simulation/js/mech_arm.js
  5:102  warning  'palm_pos' is defined but never used  no-unused-vars

/home/runner/work/exp-projections-and-cameras-iiith/exp-projections-and-cameras-iiith/experiment/simulation/js/shapes.js
  24:15  warning  'geometry' is assigned a value but never used  no-unused-vars

/home/runner/work/exp-projections-and-cameras-iiith/exp-projections-and-cameras-iiith/experiment/simulation/main.js
    9:10  warning  'VRMLLoader' is defined but never used               no-unused-vars
   12:7   warning  'moveButton' is assigned a value but never used      no-unused-vars
   13:7   warning  'modalbutton1' is assigned a value but never used    no-unused-vars
   20:5   warning  'cam_target' is assigned a value but never used      no-unused-vars
   23:5   warning  'initial_pos' is assigned a value but never used     no-unused-vars
   55:1   warning  'shoulder' is not defined                            no-undef
   59:1   warning  'elbow' is not defined                               no-undef
   63:1   warning  'wrist' is not defined                               no-undef
  135:9   warning  'lock' is not defined                                no-undef
  145:9   warning  'lock' is not defined                                no-undef
  201:5   warning  'buttons' is assigned a value but never used         no-unused-vars
  236:5   warning  'raycaster' is assigned a value but never used       no-unused-vars
  239:5   warning  'plane' is assigned a value but never used           no-unused-vars
  240:5   warning  'pNormal' is assigned a value but never used         no-unused-vars
  242:5   warning  'planeIntersect' is assigned a value but never used  no-unused-vars
  243:5   warning  'pIntersect' is assigned a value but never used      no-unused-vars
  244:5   warning  'shift' is assigned a value but never used           no-unused-vars
  245:5   warning  'isDragging' is assigned a value but never used      no-unused-vars
  246:5   warning  'dragObject' is defined but never used               no-unused-vars
  251:5   warning  'noOfShapes' is assigned a value but never used      no-unused-vars
  422:11  warning  'gridHelper' is assigned a value but never used      no-unused-vars
  423:11  warning  'count' is assigned a value but never used           no-unused-vars
  443:9   warning  'PointGeometry' is assigned a value but never used   no-unused-vars

✖ 66 problems (0 errors, 66 warnings)

