
/home/chirag/Desktop/ALL-VLABS-EXP-Deployable/exp-projections-and-cameras-iiith/experiment/simulation/js/camera.js
   6:5   warning  'scene' is not defined                            no-undef
   6:18  warning  'camera' is not defined                           no-undef
   8:9   warning  'camera' is not defined                           no-undef
  11:9   warning  'camera' is not defined                           no-undef
  12:9   warning  'camera' is not defined                           no-undef
  15:5   warning  'camera' is not defined                           no-undef
  16:5   warning  'camera' is not defined                           no-undef
  18:5   warning  'scene' is not defined                            no-undef
  18:15  warning  'camera' is not defined                           no-undef
  19:5   warning  'controls' is not defined                         no-undef
  19:34  warning  'camera' is not defined                           no-undef
  19:42  warning  'renderer' is not defined                         no-undef
  20:5   warning  'controls' is not defined                         no-undef
  24:5   warning  'controls' is not defined                         no-undef
  25:5   warning  'controls' is not defined                         no-undef
  26:5   warning  'controls' is not defined                         no-undef
  27:5   warning  'orbit' is not defined                            no-undef
  28:5   warning  'orbit' is not defined                            no-undef
  30:5   warning  'controls' is not defined                         no-undef
  32:12  warning  'camera' is not defined                           no-undef
  37:5   warning  'scene' is not defined                            no-undef
  37:18  warning  'camera' is not defined                           no-undef
  39:5   warning  'camera' is not defined                           no-undef
  46:5   warning  'camera' is not defined                           no-undef
  47:5   warning  'camera' is not defined                           no-undef
  48:5   warning  'camera' is not defined                           no-undef
  50:5   warning  Read-only global 'origin' should not be modified  no-global-assign
  51:5   warning  'camera' is not defined                           no-undef
  53:5   warning  'scene' is not defined                            no-undef
  53:15  warning  'camera' is not defined                           no-undef
  54:5   warning  'orbit' is not defined                            no-undef
  54:31  warning  'camera' is not defined                           no-undef
  54:39  warning  'renderer' is not defined                         no-undef
  55:5   warning  'orbit' is not defined                            no-undef
  59:5   warning  'orbit' is not defined                            no-undef
  60:5   warning  'orbit' is not defined                            no-undef
  61:5   warning  'orbit' is not defined                            no-undef
  63:5   warning  'renderer' is not defined                         no-undef
  63:21  warning  'scene' is not defined                            no-undef
  63:28  warning  'camera' is not defined                           no-undef
  65:12  warning  'camera' is not defined                           no-undef

/home/chirag/Desktop/ALL-VLABS-EXP-Deployable/exp-projections-and-cameras-iiith/experiment/simulation/js/mech_arm.js
  5:102  warning  'palm_pos' is defined but never used  no-unused-vars

/home/chirag/Desktop/ALL-VLABS-EXP-Deployable/exp-projections-and-cameras-iiith/experiment/simulation/main.js
   14:10  warning  'createArm' is defined but never used               no-unused-vars
   17:7   warning  'moveButton' is assigned a value but never used     no-unused-vars
   18:7   warning  'modalbutton1' is assigned a value but never used   no-unused-vars
   26:5   warning  'cam_pos' is assigned a value but never used        no-unused-vars
   27:5   warning  'cam_target' is assigned a value but never used     no-unused-vars
   28:5   warning  'modalAdd' is assigned a value but never used       no-unused-vars
   29:5   warning  'modalEdit' is assigned a value but never used      no-unused-vars
   30:5   warning  'initial_pos' is assigned a value but never used    no-unused-vars
   73:5   warning  'spanEditModal' is assigned a value but never used  no-unused-vars
   87:3   warning  'dir' is assigned a value but never used            no-unused-vars
   88:3   warning  'arrowHelper' is assigned a value but never used    no-unused-vars
   92:5   warning  'dotList' is assigned a value but never used        no-unused-vars
   93:5   warning  'noOfShapes' is assigned a value but never used     no-unused-vars
  113:5   warning  'camBtn' is assigned a value but never used         no-unused-vars
  115:5   warning  'span_new_cam' is assigned a value but never used   no-unused-vars
  448:5   warning  'buttons' is assigned a value but never used        no-unused-vars
  553:19  warning  'dat' is not defined                                no-undef
  813:9   warning  'gridHelper' is assigned a value but never used     no-unused-vars
  814:9   warning  'count' is assigned a value but never used          no-unused-vars

✖ 61 problems (0 errors, 61 warnings)

